# JRE version: Java(TM) SE Runtime Environment (8.0_101-b13) (build 1.8.0_101-b13)
# Java VM: Java HotSpot(TM) 64-Bit Server VM (25.101-b13 mixed mode windows-amd64 compressed oops)
Heap:
 PSYoungGen      total 38400K, used 9512K [0x00000000d5d80000, 0x00000000d8800000, 0x0000000100000000)
  eden space 33280K, 13% used [0x00000000d5d80000,0x00000000d61ca180,0x00000000d7e00000)
  from space 5120K, 100% used [0x00000000d7e00000,0x00000000d8300000,0x00000000d8300000)
  to   space 5120K, 0% used [0x00000000d8300000,0x00000000d8300000,0x00000000d8800000)
 ParOldGen       total 87552K, used 20660K [0x0000000081800000, 0x0000000086d80000, 0x00000000d5d80000)
  object space 87552K, 23% used [0x0000000081800000,0x0000000082c2d360,0x0000000086d80000)
 Metaspace       used 25643K, capacity 27472K, committed 27520K, reserved 1073152K
  class space    used 3633K, capacity 3957K, committed 3968K, reserved 1048576K
GC Heap History (10 events):
Event: 7.771 GC heap before
{Heap before GC invocations=2 (full 0):
 PSYoungGen      total 38400K, used 10324K [0x00000000d5d80000, 0x00000000d8800000, 0x0000000100000000)
  eden space 33280K, 18% used [0x00000000d5d80000,0x00000000d637cbf0,0x00000000d7e00000)
  from space 5120K, 81% used [0x00000000d7e00000,0x00000000d8218608,0x00000000d8300000)
  to   space 5120K, 0% used [0x00000000d8300000,0x00000000d8300000,0x00000000d8800000)
 ParOldGen       total 87552K, used 80K [0x0000000081800000, 0x0000000086d80000, 0x00000000d5d80000)
  object space 87552K, 0% used [0x0000000081800000,0x0000000081814010,0x0000000086d80000)
 Metaspace       used 17059K, capacity 17780K, committed 18048K, reserved 1064960K
  class space    used 2466K, capacity 2635K, committed 2688K, reserved 1048576K
Event: 7.778 GC heap after
Heap after GC invocations=2 (full 0):
 PSYoungGen      total 38400K, used 5104K [0x00000000d5d80000, 0x00000000d8800000, 0x0000000100000000)
  eden space 33280K, 0% used [0x00000000d5d80000,0x00000000d5d80000,0x00000000d7e00000)
  from space 5120K, 99% used [0x00000000d8300000,0x00000000d87fc060,0x00000000d8800000)
  to   space 5120K, 0% used [0x00000000d7e00000,0x00000000d7e00000,0x00000000d8300000)
 ParOldGen       total 87552K, used 4312K [0x0000000081800000, 0x0000000086d80000, 0x00000000d5d80000)
  object space 87552K, 4% used [0x0000000081800000,0x0000000081c36030,0x0000000086d80000)
 Metaspace       used 17059K, capacity 17780K, committed 18048K, reserved 1064960K
  class space    used 2466K, capacity 2635K, committed 2688K, reserved 1048576K
}
Event: 7.778 GC heap before
{Heap before GC invocations=3 (full 1):
 PSYoungGen      total 38400K, used 5104K [0x00000000d5d80000, 0x00000000d8800000, 0x0000000100000000)
  eden space 33280K, 0% used [0x00000000d5d80000,0x00000000d5d80000,0x00000000d7e00000)
  from space 5120K, 99% used [0x00000000d8300000,0x00000000d87fc060,0x00000000d8800000)
  to   space 5120K, 0% used [0x00000000d7e00000,0x00000000d7e00000,0x00000000d8300000)
 ParOldGen       total 87552K, used 4312K [0x0000000081800000, 0x0000000086d80000, 0x00000000d5d80000)
  object space 87552K, 4% used [0x0000000081800000,0x0000000081c36030,0x0000000086d80000)
 Metaspace       used 17059K, capacity 17780K, committed 18048K, reserved 1064960K
  class space    used 2466K, capacity 2635K, committed 2688K, reserved 1048576K
Event: 7.810 GC heap after
Heap after GC invocations=3 (full 1):
 PSYoungGen      total 38400K, used 0K [0x00000000d5d80000, 0x00000000d8800000, 0x0000000100000000)
  eden space 33280K, 0% used [0x00000000d5d80000,0x00000000d5d80000,0x00000000d7e00000)
  from space 5120K, 0% used [0x00000000d8300000,0x00000000d8300000,0x00000000d8800000)
  to   space 5120K, 0% used [0x00000000d7e00000,0x00000000d7e00000,0x00000000d8300000)
 ParOldGen       total 87552K, used 7278K [0x0000000081800000, 0x0000000086d80000, 0x00000000d5d80000)
  object space 87552K, 8% used [0x0000000081800000,0x0000000081f1ba80,0x0000000086d80000)
 Metaspace       used 17059K, capacity 17780K, committed 18048K, reserved 1064960K
  class space    used 2466K, capacity 2635K, committed 2688K, reserved 1048576K
}
Event: 9.814 GC heap before
{Heap before GC invocations=4 (full 1):
 PSYoungGen      total 38400K, used 33280K [0x00000000d5d80000, 0x00000000d8800000, 0x0000000100000000)
  eden space 33280K, 100% used [0x00000000d5d80000,0x00000000d7e00000,0x00000000d7e00000)
  from space 5120K, 0% used [0x00000000d8300000,0x00000000d8300000,0x00000000d8800000)
  to   space 5120K, 0% used [0x00000000d7e00000,0x00000000d7e00000,0x00000000d8300000)
 ParOldGen       total 87552K, used 7278K [0x0000000081800000, 0x0000000086d80000, 0x00000000d5d80000)
  object space 87552K, 8% used [0x0000000081800000,0x0000000081f1ba80,0x0000000086d80000)
 Metaspace       used 21951K, capacity 23390K, committed 23552K, reserved 1069056K
  class space    used 3234K, capacity 3508K, committed 3584K, reserved 1048576K
Event: 9.831 GC heap after
Heap after GC invocations=4 (full 1):
 PSYoungGen      total 38400K, used 5088K [0x00000000d5d80000, 0x00000000d8800000, 0x0000000100000000)
  eden space 33280K, 0% used [0x00000000d5d80000,0x00000000d5d80000,0x00000000d7e00000)
  from space 5120K, 99% used [0x00000000d7e00000,0x00000000d82f8000,0x00000000d8300000)
  to   space 5120K, 0% used [0x00000000d8300000,0x00000000d8300000,0x00000000d8800000)
 ParOldGen       total 87552K, used 7286K [0x0000000081800000, 0x0000000086d80000, 0x00000000d5d80000)
  object space 87552K, 8% used [0x0000000081800000,0x0000000081f1da80,0x0000000086d80000)
 Metaspace       used 21951K, capacity 23390K, committed 23552K, reserved 1069056K
  class space    used 3234K, capacity 3508K, committed 3584K, reserved 1048576K
}
Event: 11.489 GC heap before
{Heap before GC invocations=5 (full 1):
 PSYoungGen      total 38400K, used 38368K [0x00000000d5d80000, 0x00000000d8800000, 0x0000000100000000)
  eden space 33280K, 100% used [0x00000000d5d80000,0x00000000d7e00000,0x00000000d7e00000)
  from space 5120K, 99% used [0x00000000d7e00000,0x00000000d82f8000,0x00000000d8300000)
  to   space 5120K, 0% used [0x00000000d8300000,0x00000000d8300000,0x00000000d8800000)
 ParOldGen       total 87552K, used 7286K [0x0000000081800000, 0x0000000086d80000, 0x00000000d5d80000)
  object space 87552K, 8% used [0x0000000081800000,0x0000000081f1da80,0x0000000086d80000)
 Metaspace       used 23490K, capacity 25106K, committed 25344K, reserved 1071104K
  class space    used 3410K, capacity 3724K, committed 3840K, reserved 1048576K
Event: 11.521 GC heap after
Heap after GC invocations=5 (full 1):
 PSYoungGen      total 38400K, used 5120K [0x00000000d5d80000, 0x00000000da880000, 0x0000000100000000)
  eden space 33280K, 0% used [0x00000000d5d80000,0x00000000d5d80000,0x00000000d7e00000)
  from space 5120K, 100% used [0x00000000d8300000,0x00000000d8800000,0x00000000d8800000)
  to   space 5120K, 0% used [0x00000000d7e00000,0x00000000d7e00000,0x00000000d8300000)
 ParOldGen       total 87552K, used 15886K [0x0000000081800000, 0x0000000086d80000, 0x00000000d5d80000)
  object space 87552K, 18% used [0x0000000081800000,0x0000000082783ab0,0x0000000086d80000)
 Metaspace       used 23490K, capacity 25106K, committed 25344K, reserved 1071104K
  class space    used 3410K, capacity 3724K, committed 3840K, reserved 1048576K
}
Event: 244.133 GC heap before
{Heap before GC invocations=6 (full 1):
 PSYoungGen      total 38400K, used 38400K [0x00000000d5d80000, 0x00000000da880000, 0x0000000100000000)
  eden space 33280K, 100% used [0x00000000d5d80000,0x00000000d7e00000,0x00000000d7e00000)
  from space 5120K, 100% used [0x00000000d8300000,0x00000000d8800000,0x00000000d8800000)
  to   space 5120K, 0% used [0x00000000d7e00000,0x00000000d7e00000,0x00000000d8300000)
 ParOldGen       total 87552K, used 15886K [0x0000000081800000, 0x0000000086d80000, 0x00000000d5d80000)
  object space 87552K, 18% used [0x0000000081800000,0x0000000082783ab0,0x0000000086d80000)
 Metaspace       used 25294K, capacity 27150K, committed 27264K, reserved 1073152K
  class space    used 3567K, capacity 3920K, committed 3968K, reserved 1048576K
Event: 244.191 GC heap after
Heap after GC invocations=6 (full 1):
 PSYoungGen      total 38400K, used 5120K [0x00000000d5d80000, 0x00000000d8800000, 0x0000000100000000)
  eden space 33280K, 0% used [0x00000000d5d80000,0x00000000d5d80000,0x00000000d7e00000)
  from space 5120K, 100% used [0x00000000d7e00000,0x00000000d8300000,0x00000000d8300000)
  to   space 5120K, 0% used [0x00000000d8300000,0x00000000d8300000,0x00000000d8800000)
 ParOldGen       total 87552K, used 20660K [0x0000000081800000, 0x0000000086d80000, 0x00000000d5d80000)
  object space 87552K, 23% used [0x0000000081800000,0x0000000082c2d360,0x0000000086d80000)
 Metaspace       used 25294K, capacity 27150K, committed 27264K, reserved 1073152K
  class space    used 3567K, capacity 3920K, committed 3968K, reserved 1048576K
}

